<?xml version="1.0" encoding="UTF-8"?>
<testsuite name="examples.users.UsersRunner" tests="5" skipped="0" failures="0" errors="0" timestamp="2024-01-16T23:00:10" hostname="DESKTOP-PK8219C" time="1.926">
  <properties/>
  <testcase name="[1:7] create a user and then get it by id" classname="examples.users.UsersRunner" time="0.276"/>
  <testcase name="[2:31] Consulta usuario creado" classname="examples.users.UsersRunner" time="0.271"/>
  <testcase name="[3:36] Actualiza el nombre y correo del usuario creado" classname="examples.users.UsersRunner" time="0.268"/>
  <testcase name="[4:56] Consulta usuario actualizado" classname="examples.users.UsersRunner" time="0.527"/>
  <testcase name="[5:68] Elimina el usuario creado para la prueba" classname="examples.users.UsersRunner" time="0.578"/>
  <system-out><![CDATA[18:00:10.545 [Test worker] DEBUG com.intuit.karate.Suite - [config] classpath:karate-config.js
18:00:10.569 [Test worker] INFO  com.intuit.karate - karate.env system property was: null 
18:00:10.573 [Test worker] DEBUG com.intuit.karate - request:
1 > POST https://petstore.swagger.io/v2/user
1 > Content-Type: application/json; charset=UTF-8
1 > Content-Length: 155
1 > Host: petstore.swagger.io
1 > Connection: Keep-Alive
1 > User-Agent: Apache-HttpClient/4.5.14 (Java/17.0.10)
1 > Accept-Encoding: gzip,deflate
{"id":26,"username":"davidAlejo","firstName":"david","lastName":"cruz","email":"dcruz@nttdata.com","password":"123456","phone":"0999999999","userStatus":0}

18:00:10.837 [Test worker] DEBUG com.intuit.karate - response time in milliseconds: 262
1 < 200
1 < Date: Tue, 16 Jan 2024 23:00:09 GMT
1 < Content-Type: application/json
1 < Transfer-Encoding: chunked
1 < Connection: keep-alive
1 < Access-Control-Allow-Origin: *
1 < Access-Control-Allow-Methods: GET, POST, DELETE, PUT
1 < Access-Control-Allow-Headers: Content-Type, api_key, Authorization
1 < Server: Jetty(9.2.9.v20150224)
{"code":200,"type":"unknown","message":"26"}

18:00:10.845 [Test worker] INFO  com.intuit.karate - karate.env system property was: null 
18:00:10.848 [Test worker] DEBUG com.intuit.karate - request:
1 > GET https://petstore.swagger.io/v2/user/davidAlejo
1 > Host: petstore.swagger.io
1 > Connection: Keep-Alive
1 > User-Agent: Apache-HttpClient/4.5.14 (Java/17.0.10)
1 > Accept-Encoding: gzip,deflate


18:00:11.109 [Test worker] DEBUG com.intuit.karate - response time in milliseconds: 260
1 < 200
1 < Date: Tue, 16 Jan 2024 23:00:10 GMT
1 < Content-Type: application/json
1 < Transfer-Encoding: chunked
1 < Connection: keep-alive
1 < Access-Control-Allow-Origin: *
1 < Access-Control-Allow-Methods: GET, POST, DELETE, PUT
1 < Access-Control-Allow-Headers: Content-Type, api_key, Authorization
1 < Server: Jetty(9.2.9.v20150224)
{"id":26,"username":"davidAlejo","firstName":"david","lastName":"cruz","email":"dcruz@nttdata.com","password":"123456","phone":"0999999999","userStatus":0}

18:00:11.116 [Test worker] INFO  com.intuit.karate - karate.env system property was: null 
18:00:11.119 [Test worker] DEBUG com.intuit.karate - request:
1 > PUT https://petstore.swagger.io/v2/user/davidAlejo
1 > Content-Type: application/json; charset=UTF-8
1 > Content-Length: 169
1 > Host: petstore.swagger.io
1 > Connection: Keep-Alive
1 > User-Agent: Apache-HttpClient/4.5.14 (Java/17.0.10)
1 > Accept-Encoding: gzip,deflate
{"id":26,"username":"davidAlejo","firstName":"davidUpdated","lastName":"cruz","email":"dcruz@nttdataupdated.com","password":"123456","phone":"0999999999","userStatus":0}

18:00:11.378 [Test worker] DEBUG com.intuit.karate - response time in milliseconds: 259
1 < 200
1 < Date: Tue, 16 Jan 2024 23:00:10 GMT
1 < Content-Type: application/json
1 < Transfer-Encoding: chunked
1 < Connection: keep-alive
1 < Access-Control-Allow-Origin: *
1 < Access-Control-Allow-Methods: GET, POST, DELETE, PUT
1 < Access-Control-Allow-Headers: Content-Type, api_key, Authorization
1 < Server: Jetty(9.2.9.v20150224)
{"code":200,"type":"unknown","message":"26"}

18:00:11.385 [Test worker] INFO  com.intuit.karate - karate.env system property was: null 
18:00:11.387 [Test worker] DEBUG com.intuit.karate - request:
1 > GET https://petstore.swagger.io/v2/user/davidAlejo
1 > Host: petstore.swagger.io
1 > Connection: Keep-Alive
1 > User-Agent: Apache-HttpClient/4.5.14 (Java/17.0.10)
1 > Accept-Encoding: gzip,deflate


18:00:11.648 [Test worker] DEBUG com.intuit.karate - response time in milliseconds: 259
1 < 200
1 < Date: Tue, 16 Jan 2024 23:00:10 GMT
1 < Content-Type: application/json
1 < Transfer-Encoding: chunked
1 < Connection: keep-alive
1 < Access-Control-Allow-Origin: *
1 < Access-Control-Allow-Methods: GET, POST, DELETE, PUT
1 < Access-Control-Allow-Headers: Content-Type, api_key, Authorization
1 < Server: Jetty(9.2.9.v20150224)
{"id":26,"username":"davidAlejo","firstName":"davidUpdated","lastName":"cruz","email":"dcruz@nttdataupdated.com","password":"123456","phone":"0999999999","userStatus":0}

18:00:11.652 [Test worker] DEBUG com.intuit.karate - request:
2 > GET https://petstore.swagger.io/v2/user/davidAlejo
2 > Host: petstore.swagger.io
2 > Connection: Keep-Alive
2 > User-Agent: Apache-HttpClient/4.5.14 (Java/17.0.10)
2 > Accept-Encoding: gzip,deflate


18:00:11.906 [Test worker] DEBUG com.intuit.karate - response time in milliseconds: 253
2 < 200
2 < Date: Tue, 16 Jan 2024 23:00:11 GMT
2 < Content-Type: application/json
2 < Transfer-Encoding: chunked
2 < Connection: keep-alive
2 < Access-Control-Allow-Origin: *
2 < Access-Control-Allow-Methods: GET, POST, DELETE, PUT
2 < Access-Control-Allow-Headers: Content-Type, api_key, Authorization
2 < Server: Jetty(9.2.9.v20150224)
{"id":26,"username":"davidAlejo","firstName":"davidUpdated","lastName":"cruz","email":"dcruz@nttdataupdated.com","password":"123456","phone":"0999999999","userStatus":0}

18:00:11.913 [Test worker] INFO  com.intuit.karate - karate.env system property was: null 
18:00:11.916 [Test worker] DEBUG com.intuit.karate - request:
1 > DELETE https://petstore.swagger.io/v2/user/davidAlejo
1 > Host: petstore.swagger.io
1 > Connection: Keep-Alive
1 > User-Agent: Apache-HttpClient/4.5.14 (Java/17.0.10)
1 > Accept-Encoding: gzip,deflate


18:00:12.175 [Test worker] DEBUG com.intuit.karate - response time in milliseconds: 258
1 < 200
1 < Date: Tue, 16 Jan 2024 23:00:11 GMT
1 < Content-Type: application/json
1 < Transfer-Encoding: chunked
1 < Connection: keep-alive
1 < Access-Control-Allow-Origin: *
1 < Access-Control-Allow-Methods: GET, POST, DELETE, PUT
1 < Access-Control-Allow-Headers: Content-Type, api_key, Authorization
1 < Server: Jetty(9.2.9.v20150224)
{"code":200,"type":"unknown","message":"davidAlejo"}

---------------------------------------------------------
feature: classpath:examples/users/users.feature
scenarios:  5 | passed:  5 | failed:  0 | time: 1,5770
---------------------------------------------------------

Karate version: 1.4.1
======================================================
elapsed:   1,84 | threads:    1 | thread time: 1,58 
features:     1 | skipped:    0 | efficiency: 0,86
scenarios:    5 | passed:     5 | failed: 0
======================================================

HTML report: (paste into browser to view) | Karate version: 1.4.1
file:///D:/KarateBasicExercise/build/karate-reports/karate-summary.html
===================================================================

]]></system-out>
  <system-err><![CDATA[]]></system-err>
</testsuite>
