<?xml version="1.0" encoding="UTF-8"?>
<testsuite name="examples.ExamplesTest" tests="1" skipped="0" failures="0" errors="0" timestamp="2024-01-16T23:00:03" hostname="DESKTOP-PK8219C" time="6.621">
  <properties/>
  <testcase name="testParallel()" classname="examples.ExamplesTest" time="6.621"/>
  <system-out><![CDATA[18:00:05.880 [Test worker] DEBUG com.intuit.karate.Suite - [config] classpath:karate-config.js
18:00:05.890 [Test worker] INFO  com.intuit.karate.Suite - backed up existing 'build\karate-reports' dir to: build\karate-reports_1705446005886
18:00:07.202 [Test worker] INFO  com.intuit.karate - karate.env system property was: null 
18:00:07.544 [Test worker] DEBUG com.intuit.karate - request:
1 > POST https://petstore.swagger.io/v2/user
1 > Content-Type: application/json; charset=UTF-8
1 > Content-Length: 155
1 > Host: petstore.swagger.io
1 > Connection: Keep-Alive
1 > User-Agent: Apache-HttpClient/4.5.14 (Java/17.0.10)
1 > Accept-Encoding: gzip,deflate
{"id":26,"username":"davidAlejo","firstName":"david","lastName":"cruz","email":"dcruz@nttdata.com","password":"123456","phone":"0999999999","userStatus":0}

18:00:08.052 [Test worker] DEBUG com.intuit.karate - response time in milliseconds: 503
1 < 200
1 < Date: Tue, 16 Jan 2024 23:00:07 GMT
1 < Content-Type: application/json
1 < Transfer-Encoding: chunked
1 < Connection: keep-alive
1 < Access-Control-Allow-Origin: *
1 < Access-Control-Allow-Methods: GET, POST, DELETE, PUT
1 < Access-Control-Allow-Headers: Content-Type, api_key, Authorization
1 < Server: Jetty(9.2.9.v20150224)
{"code":200,"type":"unknown","message":"26"}

18:00:08.065 [Test worker] INFO  com.intuit.karate - karate.env system property was: null 
18:00:08.069 [Test worker] DEBUG com.intuit.karate - request:
1 > GET https://petstore.swagger.io/v2/user/davidAlejo
1 > Host: petstore.swagger.io
1 > Connection: Keep-Alive
1 > User-Agent: Apache-HttpClient/4.5.14 (Java/17.0.10)
1 > Accept-Encoding: gzip,deflate


18:00:08.351 [Test worker] DEBUG com.intuit.karate - response time in milliseconds: 280
1 < 200
1 < Date: Tue, 16 Jan 2024 23:00:07 GMT
1 < Content-Type: application/json
1 < Transfer-Encoding: chunked
1 < Connection: keep-alive
1 < Access-Control-Allow-Origin: *
1 < Access-Control-Allow-Methods: GET, POST, DELETE, PUT
1 < Access-Control-Allow-Headers: Content-Type, api_key, Authorization
1 < Server: Jetty(9.2.9.v20150224)
{"id":26,"username":"davidAlejo","firstName":"david","lastName":"cruz","email":"dcruz@nttdata.com","password":"123456","phone":"0999999999","userStatus":0}

18:00:08.367 [Test worker] INFO  com.intuit.karate - karate.env system property was: null 
18:00:08.374 [Test worker] DEBUG com.intuit.karate - request:
1 > PUT https://petstore.swagger.io/v2/user/davidAlejo
1 > Content-Type: application/json; charset=UTF-8
1 > Content-Length: 169
1 > Host: petstore.swagger.io
1 > Connection: Keep-Alive
1 > User-Agent: Apache-HttpClient/4.5.14 (Java/17.0.10)
1 > Accept-Encoding: gzip,deflate
{"id":26,"username":"davidAlejo","firstName":"davidUpdated","lastName":"cruz","email":"dcruz@nttdataupdated.com","password":"123456","phone":"0999999999","userStatus":0}

18:00:08.642 [Test worker] DEBUG com.intuit.karate - response time in milliseconds: 266
1 < 200
1 < Date: Tue, 16 Jan 2024 23:00:07 GMT
1 < Content-Type: application/json
1 < Transfer-Encoding: chunked
1 < Connection: keep-alive
1 < Access-Control-Allow-Origin: *
1 < Access-Control-Allow-Methods: GET, POST, DELETE, PUT
1 < Access-Control-Allow-Headers: Content-Type, api_key, Authorization
1 < Server: Jetty(9.2.9.v20150224)
{"code":200,"type":"unknown","message":"26"}

18:00:08.652 [Test worker] INFO  com.intuit.karate - karate.env system property was: null 
18:00:08.655 [Test worker] DEBUG com.intuit.karate - request:
1 > GET https://petstore.swagger.io/v2/user/davidAlejo
1 > Host: petstore.swagger.io
1 > Connection: Keep-Alive
1 > User-Agent: Apache-HttpClient/4.5.14 (Java/17.0.10)
1 > Accept-Encoding: gzip,deflate


18:00:08.914 [Test worker] DEBUG com.intuit.karate - response time in milliseconds: 259
1 < 200
1 < Date: Tue, 16 Jan 2024 23:00:08 GMT
1 < Content-Type: application/json
1 < Transfer-Encoding: chunked
1 < Connection: keep-alive
1 < Access-Control-Allow-Origin: *
1 < Access-Control-Allow-Methods: GET, POST, DELETE, PUT
1 < Access-Control-Allow-Headers: Content-Type, api_key, Authorization
1 < Server: Jetty(9.2.9.v20150224)
{"id":26,"username":"davidAlejo","firstName":"davidUpdated","lastName":"cruz","email":"dcruz@nttdataupdated.com","password":"123456","phone":"0999999999","userStatus":0}

18:00:08.933 [Test worker] DEBUG com.intuit.karate - request:
2 > GET https://petstore.swagger.io/v2/user/davidAlejo
2 > Host: petstore.swagger.io
2 > Connection: Keep-Alive
2 > User-Agent: Apache-HttpClient/4.5.14 (Java/17.0.10)
2 > Accept-Encoding: gzip,deflate


18:00:09.201 [Test worker] DEBUG com.intuit.karate - response time in milliseconds: 266
2 < 200
2 < Date: Tue, 16 Jan 2024 23:00:08 GMT
2 < Content-Type: application/json
2 < Transfer-Encoding: chunked
2 < Connection: keep-alive
2 < Access-Control-Allow-Origin: *
2 < Access-Control-Allow-Methods: GET, POST, DELETE, PUT
2 < Access-Control-Allow-Headers: Content-Type, api_key, Authorization
2 < Server: Jetty(9.2.9.v20150224)
{"id":26,"username":"davidAlejo","firstName":"davidUpdated","lastName":"cruz","email":"dcruz@nttdataupdated.com","password":"123456","phone":"0999999999","userStatus":0}

18:00:09.219 [Test worker] INFO  com.intuit.karate - karate.env system property was: null 
18:00:09.222 [Test worker] DEBUG com.intuit.karate - request:
1 > DELETE https://petstore.swagger.io/v2/user/davidAlejo
1 > Host: petstore.swagger.io
1 > Connection: Keep-Alive
1 > User-Agent: Apache-HttpClient/4.5.14 (Java/17.0.10)
1 > Accept-Encoding: gzip,deflate


18:00:09.480 [Test worker] DEBUG com.intuit.karate - response time in milliseconds: 257
1 < 200
1 < Date: Tue, 16 Jan 2024 23:00:08 GMT
1 < Content-Type: application/json
1 < Transfer-Encoding: chunked
1 < Connection: keep-alive
1 < Access-Control-Allow-Origin: *
1 < Access-Control-Allow-Methods: GET, POST, DELETE, PUT
1 < Access-Control-Allow-Headers: Content-Type, api_key, Authorization
1 < Server: Jetty(9.2.9.v20150224)
{"code":200,"type":"unknown","message":"davidAlejo"}

---------------------------------------------------------
feature: classpath:examples/users/users.feature
scenarios:  5 | passed:  5 | failed:  0 | time: 2,1906
---------------------------------------------------------

18:00:10.355 [Test worker] INFO  com.intuit.karate.Suite - <<pass>> feature 1 of 1 (0 remaining) classpath:examples/users/users.feature
Karate version: 1.4.1
======================================================
elapsed:   6,07 | threads:    1 | thread time: 2,19 
features:     1 | skipped:    0 | efficiency: 0,36
scenarios:    5 | passed:     5 | failed: 0
======================================================

HTML report: (paste into browser to view) | Karate version: 1.4.1
file:///D:/KarateBasicExercise/build/karate-reports/karate-summary.html
===================================================================

]]></system-out>
  <system-err><![CDATA[]]></system-err>
</testsuite>
